<?xml version="1.0" encoding="UTF-8"?>
<!-- Generated by org.testng.reporters.JUnitReportReporter -->
<testsuite hostname="Raryan" failures="0" tests="1" name="TestCases.GitHubRepo" time="5.181" errors="0" timestamp="2023-05-02T15:57:52 IST" skipped="0">
  <testcase classname="TestCases.GitHubRepo" name="createRepository" time="5.181"/>
  <system-out/>
</testsuite> <!-- TestCases.GitHubRepo -->
