<?xml version="1.0" encoding="UTF-8"?>
<!-- Generated by org.testng.reporters.JUnitReportReporter -->
<testsuite hostname="Raryan" failures="0" tests="1" name="Demo.TrelloApi" time="2.732" errors="0" timestamp="2023-04-27T22:19:46 IST" skipped="0">
  <testcase classname="Demo.TrelloApi" name="CreateaBoard" time="2.732"/>
  <system-out/>
</testsuite> <!-- Demo.TrelloApi -->
